Arguments: 
  /home/utkarsh/.nvm/versions/node/v10.16.0/bin/node /usr/bin/yarn add --dev webpack webpack-cli typescript awesome-typescript-loader

PATH: 
  /home/utkarsh/.nvm/versions/node/v10.16.0/bin:/home/utkarsh/.gem/ruby/2.7.0/bin:/usr/local/sbin:/usr/local/bin:/usr/bin:/usr/lib/jvm/default/bin:/usr/bin/site_perl:/usr/bin/vendor_perl:/usr/bin/core_perl

Yarn version: 
  1.22.4

Node version: 
  10.16.0

Platform: 
  linux x64

Trace: 
  Error: https://registry.yarnpkg.com/webpack-cli: ESOCKETTIMEDOUT
      at ClientRequest.<anonymous> (/usr/lib/node_modules/yarn/lib/cli.js:141375:19)
      at Object.onceWrapper (events.js:286:20)
      at ClientRequest.emit (events.js:198:13)
      at TLSSocket.emitRequestTimeout (_http_client.js:662:40)
      at Object.onceWrapper (events.js:286:20)
      at TLSSocket.emit (events.js:198:13)
      at TLSSocket.Socket._onTimeout (net.js:442:8)
      at ontimeout (timers.js:436:11)
      at tryOnTimeout (timers.js:300:5)
      at listOnTimeout (timers.js:263:5)

npm manifest: 
  {
    "name": "code-generator",
    "version": "1.0.0",
    "description": "",
    "main": "index.js",
    "scripts": {
      "test": "echo \"Error: no test specified\" && exit 1"
    },
    "author": "",
    "license": "ISC",
    "devDependencies": {
      "webpack-cli": "^3.3.11"
    }
  }

yarn manifest: 
  No manifest

Lockfile: 
  No lockfile
